Arguments: 
  C:\Program Files\nodejs\node.exe C:\Users\igore\AppData\Roaming\npm\node_modules\yarn\bin\yarn.js add @types/react-native-icon-picker

PATH: 
  C:\Users\igore\bin;C:\Program Files\Git\mingw64\bin;C:\Program Files\Git\usr\local\bin;C:\Program Files\Git\usr\bin;C:\Program Files\Git\usr\bin;C:\Program Files\Git\mingw64\bin;C:\Program Files\Git\usr\bin;C:\Users\igore\bin;C:\Program Files\Common Files\Oracle\Java\javapath;C:\ffmpeg\bin;C:\Program Files (x86)\Common Files\Oracle\Java\javapath;C:\Windows\system32;C:\Windows;C:\Windows\System32\Wbem;C:\Windows\System32\WindowsPowerShell\v1.0;C:\Windows\System32\OpenSSH;C:\Program Files\Git\cmd;C:\Program Files\AutoFirma\AutoFirma;C:\Program Files\FileBot;C:\Program Files\PuTTY;C:\Program Files\Docker\Docker\resources\bin;C:\ProgramData\DockerDesktop\version-bin;C:\Program Files (x86)\NVIDIA Corporation\PhysX\Common;C:\Program Files\NVIDIA Corporation\NVIDIA NvDLISR;C:\Program Files\platform-tools;C:\Users\igore\AppData\Local\Microsoft\WindowsApps;C:\Program Files\heroku\bin;C:\Program Files\MongoDB\Server\4.4\bin;C:\Users\igore\AppData\Local\Programs\Microsoft VS Code Insiders;C:\Program Files\MongoDB\Tools\100\bin;C:\Users\igore\AppData\Roaming\npm;C:\Users\igore\AppData\Local\Programs\Microsoft VS Code Insidersv1\bin;C:\Users\igore\OneDrive\Documentos\chromedriver;C:\Users\igore\AppData\Local\Programs\Microsoft VS Code\bin;C:\Program Files\TortoiseSVN\bin;C:\Program Files\dotnet;C:\Program Files\nodejs;C:\Program Files\platform-tools;C:\Users\igore\AppData\Local\Microsoft\WindowsApps;C:\Program Files\heroku\bin;C:\Program Files\MongoDB\Server\4.4\bin;C:\Users\igore\AppData\Local\Programs\Microsoft VS Code Insiders;C:\Program Files\MongoDB\Tools\100\bin;C:\Users\igore\AppData\Local\Programs\Microsoft VS Code Insidersv1\bin;C:\Users\igore\OneDrive\Documentos\chromedriver;C:\Users\igore\AppData\Local\Programs\Microsoft VS Code\bin;C:\Users\igore\.dotnet\tools;C:\Users\igore\AppData\Local\Programs\Fiddler;C:\Users\igore\AppData\Roaming\npm;C:\gradle\bin;C:\Program Files\Git\usr\bin\vendor_perl;C:\Program Files\Git\usr\bin\core_perl

Yarn version: 
  1.22.10

Node version: 
  18.13.0

Platform: 
  win32 x64

Trace: 
  Error: https://registry.yarnpkg.com/@types%2freact-native-icon-picker: Not found
      at params.callback [as _callback] (C:\Users\igore\AppData\Roaming\npm\node_modules\yarn\lib\cli.js:66988:18)
      at self.callback (C:\Users\igore\AppData\Roaming\npm\node_modules\yarn\lib\cli.js:140662:22)
      at Request.emit (node:events:513:28)
      at Request.<anonymous> (C:\Users\igore\AppData\Roaming\npm\node_modules\yarn\lib\cli.js:141634:10)
      at Request.emit (node:events:513:28)
      at IncomingMessage.<anonymous> (C:\Users\igore\AppData\Roaming\npm\node_modules\yarn\lib\cli.js:141556:12)
      at Object.onceWrapper (node:events:627:28)
      at IncomingMessage.emit (node:events:525:35)
      at endReadableNT (node:internal/streams/readable:1359:12)
      at process.processTicksAndRejections (node:internal/process/task_queues:82:21)

npm manifest: 
  {
    "name": "budget-tracker",
    "version": "1.0.0",
    "main": "node_modules/expo/AppEntry.js",
    "scripts": {
      "start": "expo start -c",
      "android": "expo start --android",
      "ios": "expo start -c --ios",
      "web": "expo start --web",
      "test": "jest --watchAll"
    },
    "jest": {
      "preset": "jest-expo"
    },
    "dependencies": {
      "@expo/vector-icons": "^13.0.0",
      "@react-native-async-storage/async-storage": "^1.17.11",
      "@react-native-picker/picker": "^2.4.8",
      "@react-navigation/bottom-tabs": "^6.0.5",
      "@react-navigation/native": "^6.0.2",
      "@react-navigation/native-stack": "^6.1.0",
      "expo": "~47.0.12",
      "expo-asset": "~8.7.0",
      "expo-constants": "~14.0.2",
      "expo-fast-image": "^1.1.3",
      "expo-font": "~11.0.1",
      "expo-linking": "~3.3.0",
      "expo-splash-screen": "~0.17.5",
      "expo-status-bar": "~1.4.2",
      "expo-system-ui": "~2.0.1",
      "expo-web-browser": "~12.0.0",
      "react": "18.0.0",
      "react-dom": "18.0.0",
      "react-native": "0.69.7",
      "react-native-country-picker-modal": "^2.0.0",
      "react-native-elements": "^3.4.3",
      "react-native-icon-picker": "^1.0.6",
      "react-native-safe-area-context": "4.4.1",
      "react-native-screens": "~3.18.0",
      "react-native-select-dropdown": "^3.2.1",
      "react-native-web": "~0.18.9",
      "react-native-wheel-color-picker": "^1.2.0"
    },
    "devDependencies": {
      "@babel/core": "^7.12.9",
      "@types/react": "~18.0.24",
      "@types/react-native": "^0.70.9",
      "jest": "^26.6.3",
      "jest-expo": "~47.0.1",
      "react-test-renderer": "18.0.0",
      "typescript": "^4.6.3"
    },
    "private": true
  }

yarn manifest: 
  No manifest

Lockfile: 
  No lockfile
